Using pre-set license
Built from '2021.1/release' branch; Version is '2021.1.10f1 (b15f561b2cef) revision 11624278'; Using compiler version '192528614'; Build Type 'Release'
OS: 'Windows 10 Home Single Language; OS build 19042.1052; Version 2009; 64bit' Language: 'en' Physical Memory: 7068 MB
BatchMode: 1, IsHumanControllingUs: 0, StartBugReporterOnCrash: 0, Is64bit: 1, IsPro: 0

 COMMAND LINE ARGUMENTS:
C:\Users\neilr\AppData\Local\JetBrains\Toolbox\apps\Rider\ch-0\211.7442.29\bin\2021.1.10f1\Editor\Unity.exe
-adb2
-batchMode
-noUpm
-name
AssetImportWorker1
-projectPath
C:/Users/neilr/Documents/GitHub/Fencing3DNEAT
-logFile
Logs/AssetImportWorker1.log
-srvPort
55603
Successfully changed project path to: C:/Users/neilr/Documents/GitHub/Fencing3DNEAT
C:/Users/neilr/Documents/GitHub/Fencing3DNEAT
Using Asset Import Pipeline V2.
Refreshing native plugins compatible for Editor in 164.63 ms, found 3 plugins.
Preloading 0 native plugins for Editor in 0.00 ms.
Initialize engine version: 2021.1.10f1 (b15f561b2cef)
[Subsystems] Discovering subsystems at path C:/Users/neilr/AppData/Local/JetBrains/Toolbox/apps/Rider/ch-0/211.7442.29/bin/2021.1.10f1/Editor/Data/Resources/UnitySubsystems
[Subsystems] Discovering subsystems at path C:/Users/neilr/Documents/GitHub/Fencing3DNEAT/Assets
GfxDevice: creating device client; threaded=0; jobified=0
Direct3D:
    Version:  Direct3D 11.0 [level 11.1]
    Renderer: AMD Radeon(TM) Vega 3 Graphics (ID=0x15dd)
    Vendor:   ATI
    VRAM:     3534 MB
    Driver:   27.20.21003.1028
Initialize mono
Mono path[0] = 'C:/Users/neilr/AppData/Local/JetBrains/Toolbox/apps/Rider/ch-0/211.7442.29/bin/2021.1.10f1/Editor/Data/Managed'
Mono path[1] = 'C:/Users/neilr/AppData/Local/JetBrains/Toolbox/apps/Rider/ch-0/211.7442.29/bin/2021.1.10f1/Editor/Data/MonoBleedingEdge/lib/mono/unityjit'
Mono config path = 'C:/Users/neilr/AppData/Local/JetBrains/Toolbox/apps/Rider/ch-0/211.7442.29/bin/2021.1.10f1/Editor/Data/MonoBleedingEdge/etc'
Using monoOptions --debugger-agent=transport=dt_socket,embedding=1,server=y,suspend=n,address=127.0.0.1:56664
Begin MonoManager ReloadAssembly
